[ai-enrich] ok job=ats:greenhouse:7569200003 processed=1
[ai-enrich] ok job=ats:greenhouse:5043442008 processed=2
[ai-enrich] ok job=ats:greenhouse:5043273008 processed=3
[ai-enrich] ok job=ats:greenhouse:7488055 processed=4
[ai-enrich] ok job=ats:greenhouse:7488053 processed=5
[ai-enrich] ok job=ats:greenhouse:7471885 processed=6
[ai-enrich] ok job=ats:greenhouse:7351118 processed=7
[ai-enrich] ok job=ats:greenhouse:8348158002 processed=8
[ai-enrich] ok job=ats:greenhouse:5739572004 processed=9
[ai-enrich] ok job=ats:greenhouse:8334299002 processed=10
[ai-enrich] ok job=ats:greenhouse:4641245005 processed=11
[ai-enrich] ok job=ats:greenhouse:5741089004 processed=12
[ai-enrich] ok job=ats:greenhouse:7485805 processed=13
[ai-enrich] ok job=ats:greenhouse:7485679 processed=14
[ai-enrich] ok job=ats:greenhouse:7482362 processed=15
[ai-enrich] ok job=ats:greenhouse:5739459004 processed=16
[ai-enrich] ok job=ats:greenhouse:5740359004 processed=17
[ai-enrich] ok job=ats:greenhouse:7170008 processed=18
[ai-enrich] ok job=ats:greenhouse:7473331 processed=19
[ai-enrich] ok job=ats:greenhouse:5740065004 processed=20
[ai-enrich] ok job=ats:greenhouse:7481413 processed=21
[ai-enrich] ok job=ats:greenhouse:7356101 processed=22
[ai-enrich] ok job=ats:greenhouse:7438914 processed=23
[ai-enrich] ok job=ats:greenhouse:7485114 processed=24
[ai-enrich] ok job=ats:greenhouse:5043373008 processed=25
[ai-enrich] ok job=ats:greenhouse:7488622 processed=26
[ai-enrich] ok job=ats:greenhouse:7482793 processed=27
[ai-enrich] ok job=ats:greenhouse:5042142008 processed=28
[ai-enrich] ok job=ats:greenhouse:5042144008 processed=29
[ai-enrich] ok job=ats:greenhouse:5041301008 processed=30
[ai-enrich] ok job=ats:greenhouse:5041290008 processed=31
[ai-enrich] ok job=ats:greenhouse:7486349 processed=32
[ai-enrich] ok job=ats:greenhouse:7473964 processed=33
[ai-enrich] ok job=ats:greenhouse:7488985 processed=34
[ai-enrich] ok job=ats:greenhouse:7488987 processed=35
[ai-enrich] ok job=ats:greenhouse:7421711 processed=36
[ai-enrich] ok job=ats:greenhouse:5043372008 processed=37
[ai-enrich] ok job=ats:greenhouse:5043435008 processed=38
[ai-enrich] ok job=ats:greenhouse:5043460008 processed=39
[ai-enrich] ok job=ats:greenhouse:5042447008 processed=40
[ai-enrich] ok job=ats:greenhouse:5042002008 processed=41
[ai-enrich] ok job=ats:greenhouse:5043437008 processed=42
[ai-enrich] ok job=ats:greenhouse:5026192008 processed=43
[ai-enrich] ok job=ats:greenhouse:8342720002 processed=44
[ai-enrich] ok job=ats:greenhouse:7484629 processed=45
[ai-enrich] ok job=ats:greenhouse:7483506 processed=46
[ai-enrich] ok job=ats:greenhouse:7484861 processed=47
[ai-enrich] ok job=ats:greenhouse:7481654 processed=48
[ai-enrich] ok job=ats:greenhouse:5021065008 processed=49
[ai-enrich] ok job=ats:greenhouse:5740929004 processed=50
[ai-enrich] ok job=ats:greenhouse:7482636 processed=51
[ai-enrich] ok job=ats:greenhouse:7012829 processed=52
[ai-enrich] ok job=ats:greenhouse:4642174005 processed=53
[ai-enrich] ok job=ats:greenhouse:7095216 processed=54
[ai-enrich] ok job=ats:greenhouse:7484116 processed=55
[ai-enrich] ok job=ats:greenhouse:7484748 processed=56
[ai-enrich] ok job=ats:greenhouse:6932499 processed=57
[ai-enrich] ok job=ats:greenhouse:7326051 processed=58
[ai-enrich] ok job=ats:greenhouse:7484623 processed=59
[ai-enrich] ok job=ats:greenhouse:7326052 processed=60
[ai-enrich] ok job=ats:greenhouse:7484926 processed=61
[ai-enrich] ok job=ats:greenhouse:7413787 processed=62
[ai-enrich] ok job=ats:greenhouse:5740760004 processed=63
[ai-enrich] ok job=ats:greenhouse:8345062002 processed=64
[ai-enrich] ok job=ats:greenhouse:8343612002 processed=65
[ai-enrich] ok job=ats:greenhouse:8345060002 processed=66
[ai-enrich] ok job=ats:greenhouse:8345061002 processed=67
[ai-enrich] ok job=ats:greenhouse:5575026004 processed=68
[ai-enrich] ok job=ats:greenhouse:7472590 processed=69
[ai-enrich] ok job=ats:greenhouse:7481643 processed=70
[ai-enrich] ok job=ats:greenhouse:7453437 processed=71
[ai-enrich] ok job=ats:greenhouse:7453438 processed=72
[ai-enrich] ok job=ats:greenhouse:5735606004 processed=73
[ai-enrich] ok job=ats:greenhouse:7467473 processed=74
[ai-enrich] ok job=ats:greenhouse:7459648 processed=75
[ai-enrich] ok job=ats:greenhouse:5740611004 processed=76
[ai-enrich] ok job=ats:greenhouse:7476289 processed=77
[ai-enrich] ok job=ats:greenhouse:7484946 processed=78
[ai-enrich] ok job=ats:greenhouse:7476024 processed=79
[ai-enrich] ok job=ats:greenhouse:5026097008 processed=80
[ai-enrich] ok job=ats:greenhouse:5042025008 processed=81
[ai-enrich] ok job=ats:greenhouse:4613599008 processed=82
[ai-enrich] ok job=ats:greenhouse:5042055008 processed=83
[ai-enrich] ok job=ats:greenhouse:5041319008 processed=84
[ai-enrich] ok job=ats:greenhouse:5041809008 processed=85
[ai-enrich] ok job=ats:greenhouse:8330017002 processed=86
[ai-enrich] ok job=ats:greenhouse:8339221002 processed=87
[ai-enrich] ok job=ats:greenhouse:8345879002 processed=88
[ai-enrich] ok job=board:remote100k:odin-head-of-design processed=89
[ai-enrich] ok job=board:remote100k:webflow-senior-customer-success-manager processed=90
[ai-enrich] ok job=board:remote100k:beehiiv-product-marketing-manager processed=91
[ai-enrich] ok job=board:remote100k:usual-senior-product-manager-protocol-dapp processed=92
[ai-enrich] ok job=board:remote100k:ashby-data-analyst-go-to-market processed=93
[ai-enrich] ok job=board:remote100k:grafana-labs-engineering-manager processed=94
[ai-enrich] ok job=board:remoteok:1129262 processed=95
[ai-enrich] ok job=board:remoteok:1129263 processed=96
[ai-enrich] ok job=board:remoteok:1129264 processed=97
[ai-enrich] ok job=board:remoteok:1129265 processed=98
[ai-enrich] ok job=board:remoteok:1129266 processed=99
[ai-enrich] ok job=board:remoteok:1129270 processed=100
[ai-enrich] done processed=100
